<?xml version="1.0" encoding="UTF-8"?>
<!-- Generated by org.testng.reporters.JUnitReportReporter -->
<testsuite skipped="0" hostname="LAPTOP-8VD40C3U" name="Log4JDemos" tests="1" failures="0" timestamp="24 Sep 2020 13:31:54 GMT" time="0.041" errors="0">
  <testcase name="testLog4J" time="0.041" classname="Log4JDemos"/>
</testsuite> <!-- Log4JDemos -->
