<?xml version="1.0" encoding="UTF-8"?>
<!-- Generated by org.testng.reporters.JUnitReportReporter -->
<testsuite skipped="0" hostname="LAPTOP-8VD40C3U" name="excel.DataDrivenDemo" tests="4" failures="0" timestamp="27 Sep 2020 13:17:31 GMT" time="25.906" errors="0">
  <testcase name="testData" time="6.155" classname="excel.DataDrivenDemo"/>
  <testcase name="testData" time="7.051" classname="excel.DataDrivenDemo"/>
  <testcase name="testData" time="6.469" classname="excel.DataDrivenDemo"/>
  <testcase name="testData" time="6.231" classname="excel.DataDrivenDemo"/>
</testsuite> <!-- excel.DataDrivenDemo -->
